<?xml version="1.0" ?>
<!DOCTYPE coverage SYSTEM "http://cobertura.sourceforge.net/xml/coverage-04.dtd">
<coverage lines-valid="1436" lines-covered="938" line-rate="0.6531999999999999" branches-valid="551" branches-covered="285" branch-rate="0.5172" timestamp="1788538382233" complexity="0" version="0.1">
  <sources>
    <source>/Users/n1k1t/Code/package.pipelain</source>
  </sources>
  <packages>
    <package name="src" line-rate="0.9" branch-rate="0.5">
      <classes>
        <class name="env.ts" filename="src/env.ts" line-rate="0.9" branch-rate="0.5">
          <methods>
            <method name="(anonymous_1)" hits="77" signature="()V">
              <lines>
                <line number="11" hits="77"/>
              </lines>
            </method>
          </methods>
          <lines>
            <line number="1" hits="7" branch="false"/>
            <line number="2" hits="7" branch="false"/>
            <line number="9" hits="7" branch="false"/>
            <line number="11" hits="7" branch="false"/>
            <line number="12" hits="77" branch="true" condition-coverage="100% (1/1)"/>
            <line number="13" hits="63" branch="false"/>
            <line number="15" hits="14" branch="true" condition-coverage="0% (0/1)"/>
            <line number="16" hits="0" branch="false"/>
            <line number="19" hits="14" branch="false"/>
            <line number="22" hits="7" branch="false"/>
          </lines>
        </class>
      </classes>
    </package>
    <package name="src.models" line-rate="0.5" branch-rate="0.4216">
      <classes>
        <class name="bash.ts" filename="src/models/bash.ts" line-rate="0.25" branch-rate="0">
          <methods>
            <method name="(anonymous_1)" hits="0" signature="()V">
              <lines>
                <line number="11" hits="0"/>
              </lines>
            </method>
            <method name="(anonymous_2)" hits="0" signature="()V">
              <lines>
                <line number="19" hits="0"/>
              </lines>
            </method>
            <method name="(anonymous_3)" hits="11" signature="()V">
              <lines>
                <line number="26" hits="11"/>
              </lines>
            </method>
            <method name="(anonymous_4)" hits="0" signature="()V">
              <lines>
                <line number="35" hits="0"/>
              </lines>
            </method>
            <method name="(anonymous_5)" hits="0" signature="()V">
              <lines>
                <line number="49" hits="0"/>
              </lines>
            </method>
            <method name="(anonymous_6)" hits="0" signature="()V">
              <lines>
                <line number="50" hits="0"/>
              </lines>
            </method>
            <method name="(anonymous_7)" hits="0" signature="()V">
              <lines>
                <line number="57" hits="0"/>
              </lines>
            </method>
            <method name="(anonymous_8)" hits="0" signature="()V">
              <lines>
                <line number="69" hits="0"/>
              </lines>
            </method>
            <method name="(anonymous_9)" hits="0" signature="()V">
              <lines>
                <line number="70" hits="0"/>
              </lines>
            </method>
            <method name="(anonymous_10)" hits="11" signature="()V">
              <lines>
                <line number="74" hits="11"/>
              </lines>
            </method>
          </methods>
          <lines>
            <line number="1" hits="4" branch="false"/>
            <line number="4" hits="4" branch="false"/>
            <line number="10" hits="4" branch="false"/>
            <line number="12" hits="0" branch="false"/>
            <line number="13" hits="0" branch="false"/>
            <line number="14" hits="0" branch="false"/>
            <line number="15" hits="0" branch="false"/>
            <line number="17" hits="0" branch="false"/>
            <line number="19" hits="0" branch="false"/>
            <line number="25" hits="4" branch="false"/>
            <line number="26" hits="11" branch="false"/>
            <line number="36" hits="0" branch="false"/>
            <line number="43" hits="0" branch="true" condition-coverage="0% (0/2)"/>
            <line number="44" hits="0" branch="false"/>
            <line number="46" hits="0" branch="false"/>
            <line number="47" hits="0" branch="false"/>
            <line number="49" hits="0" branch="false"/>
            <line number="50" hits="0" branch="false"/>
            <line number="51" hits="0" branch="false"/>
            <line number="57" hits="0" branch="false"/>
            <line number="58" hits="0" branch="true" condition-coverage="0% (0/2)"/>
            <line number="69" hits="0" branch="false"/>
            <line number="70" hits="0" branch="false"/>
            <line number="75" hits="11" branch="false"/>
          </lines>
        </class>
        <class name="file.ts" filename="src/models/file.ts" line-rate="1" branch-rate="0.9545">
          <methods>
            <method name="(anonymous_1)" hits="2" signature="()V">
              <lines>
                <line number="15" hits="2"/>
              </lines>
            </method>
            <method name="(anonymous_2)" hits="3" signature="()V">
              <lines>
                <line number="21" hits="3"/>
              </lines>
            </method>
            <method name="(anonymous_3)" hits="16" signature="()V">
              <lines>
                <line number="37" hits="16"/>
              </lines>
            </method>
            <method name="(anonymous_4)" hits="3" signature="()V">
              <lines>
                <line number="39" hits="3"/>
              </lines>
            </method>
            <method name="(anonymous_5)" hits="2" signature="()V">
              <lines>
                <line number="48" hits="2"/>
              </lines>
            </method>
            <method name="(anonymous_6)" hits="3" signature="()V">
              <lines>
                <line number="57" hits="3"/>
              </lines>
            </method>
            <method name="(anonymous_7)" hits="2" signature="()V">
              <lines>
                <line number="78" hits="2"/>
              </lines>
            </method>
            <method name="(anonymous_8)" hits="1" signature="()V">
              <lines>
                <line number="88" hits="1"/>
              </lines>
            </method>
            <method name="(anonymous_9)" hits="1" signature="()V">
              <lines>
                <line number="92" hits="1"/>
              </lines>
            </method>
            <method name="(anonymous_10)" hits="5" signature="()V">
              <lines>
                <line number="96" hits="5"/>
              </lines>
            </method>
            <method name="(anonymous_11)" hits="1" signature="()V">
              <lines>
                <line number="100" hits="1"/>
              </lines>
            </method>
          </methods>
          <lines>
            <line number="1" hits="8" branch="false"/>
            <line number="2" hits="8" branch="false"/>
            <line number="14" hits="8" branch="false"/>
            <line number="15" hits="2" branch="false"/>
            <line number="16" hits="2" branch="false"/>
            <line number="20" hits="8" branch="false"/>
            <line number="22" hits="3" branch="false"/>
            <line number="26" hits="8" branch="false"/>
            <line number="27" hits="16" branch="false"/>
            <line number="29" hits="16" branch="false"/>
            <line number="30" hits="16" branch="false"/>
            <line number="32" hits="16" branch="false"/>
            <line number="33" hits="16" branch="false"/>
            <line number="35" hits="16" branch="false"/>
            <line number="37" hits="16" branch="false"/>
            <line number="40" hits="3" branch="true" condition-coverage="100% (1/1)"/>
            <line number="41" hits="1" branch="false"/>
            <line number="44" hits="2" branch="false"/>
            <line number="45" hits="2" branch="false"/>
            <line number="49" hits="2" branch="true" condition-coverage="100% (1/1)"/>
            <line number="50" hits="1" branch="false"/>
            <line number="53" hits="1" branch="false"/>
            <line number="54" hits="1" branch="false"/>
            <line number="58" hits="3" branch="false"/>
            <line number="60" hits="3" branch="true" condition-coverage="100% (3/3)"/>
            <line number="61" hits="2" branch="true" condition-coverage="100% (1/1)"/>
            <line number="62" hits="1" branch="false"/>
            <line number="65" hits="1" branch="true" condition-coverage="100% (1/1)"/>
            <line number="66" hits="1" branch="false"/>
            <line number="73" hits="1" branch="false"/>
            <line number="74" hits="1" branch="false"/>
            <line number="79" hits="2" branch="true" condition-coverage="100% (1/1)"/>
            <line number="80" hits="1" branch="false"/>
            <line number="83" hits="2" branch="false"/>
            <line number="84" hits="2" branch="false"/>
            <line number="89" hits="1" branch="false"/>
            <line number="93" hits="1" branch="false"/>
            <line number="97" hits="5" branch="true" condition-coverage="100% (2/2)"/>
            <line number="98" hits="5" branch="true" condition-coverage="100% (2/2)"/>
            <line number="100" hits="5" branch="false"/>
            <line number="101" hits="5" branch="true" condition-coverage="100% (1/1)"/>
            <line number="102" hits="1" branch="false"/>
            <line number="105" hits="4" branch="true" condition-coverage="100% (1/1)"/>
            <line number="106" hits="2" branch="true" condition-coverage="100% (3/3)"/>
            <line number="107" hits="1" branch="false"/>
            <line number="109" hits="1" branch="true" condition-coverage="100% (3/3)"/>
            <line number="110" hits="1" branch="false"/>
            <line number="114" hits="2" branch="false"/>
          </lines>
        </class>
        <class name="project.ts" filename="src/models/project.ts" line-rate="0.6507" branch-rate="0.7">
          <methods>
            <method name="(anonymous_1)" hits="3" signature="()V">
              <lines>
                <line number="14" hits="3"/>
              </lines>
            </method>
            <method name="(anonymous_2)" hits="2" signature="()V">
              <lines>
                <line number="17" hits="2"/>
              </lines>
            </method>
            <method name="(anonymous_3)" hits="19" signature="()V">
              <lines>
                <line number="111" hits="19"/>
              </lines>
            </method>
            <method name="(anonymous_4)" hits="2" signature="()V">
              <lines>
                <line number="37" hits="2"/>
              </lines>
            </method>
            <method name="(anonymous_5)" hits="2" signature="()V">
              <lines>
                <line number="51" hits="2"/>
              </lines>
            </method>
            <method name="(anonymous_6)" hits="1" signature="()V">
              <lines>
                <line number="59" hits="1"/>
              </lines>
            </method>
            <method name="(anonymous_7)" hits="2" signature="()V">
              <lines>
                <line number="62" hits="2"/>
              </lines>
            </method>
            <method name="(anonymous_8)" hits="6" signature="()V">
              <lines>
                <line number="80" hits="6"/>
              </lines>
            </method>
            <method name="(anonymous_9)" hits="5" signature="()V">
              <lines>
                <line number="85" hits="5"/>
              </lines>
            </method>
            <method name="(anonymous_10)" hits="7" signature="()V">
              <lines>
                <line number="94" hits="7"/>
              </lines>
            </method>
            <method name="(anonymous_11)" hits="7" signature="()V">
              <lines>
                <line number="94" hits="7"/>
              </lines>
            </method>
            <method name="(anonymous_12)" hits="2" signature="()V">
              <lines>
                <line number="99" hits="2"/>
              </lines>
            </method>
            <method name="(anonymous_13)" hits="1" signature="()V">
              <lines>
                <line number="106" hits="1"/>
              </lines>
            </method>
            <method name="(anonymous_14)" hits="3" signature="()V">
              <lines>
                <line number="107" hits="3"/>
              </lines>
            </method>
            <method name="(anonymous_15)" hits="0" signature="()V">
              <lines>
                <line number="113" hits="0"/>
              </lines>
            </method>
            <method name="(anonymous_16)" hits="0" signature="()V">
              <lines>
                <line number="116" hits="0"/>
              </lines>
            </method>
            <method name="(anonymous_17)" hits="0" signature="()V">
              <lines>
                <line number="117" hits="0"/>
              </lines>
            </method>
            <method name="(anonymous_18)" hits="0" signature="()V">
              <lines>
                <line number="121" hits="0"/>
              </lines>
            </method>
            <method name="(anonymous_19)" hits="0" signature="()V">
              <lines>
                <line number="122" hits="0"/>
              </lines>
            </method>
            <method name="(anonymous_20)" hits="0" signature="()V">
              <lines>
                <line number="126" hits="0"/>
              </lines>
            </method>
            <method name="(anonymous_21)" hits="0" signature="()V">
              <lines>
                <line number="127" hits="0"/>
              </lines>
            </method>
            <method name="(anonymous_22)" hits="0" signature="()V">
              <lines>
                <line number="129" hits="0"/>
              </lines>
            </method>
            <method name="(anonymous_23)" hits="0" signature="()V">
              <lines>
                <line number="131" hits="0"/>
              </lines>
            </method>
            <method name="(anonymous_24)" hits="0" signature="()V">
              <lines>
                <line number="162" hits="0"/>
              </lines>
            </method>
            <method name="(anonymous_25)" hits="0" signature="()V">
              <lines>
                <line number="163" hits="0"/>
              </lines>
            </method>
          </methods>
          <lines>
            <line number="1" hits="2" branch="false"/>
            <line number="2" hits="2" branch="false"/>
            <line number="3" hits="2" branch="false"/>
            <line number="4" hits="2" branch="false"/>
            <line number="5" hits="2" branch="false"/>
            <line number="6" hits="2" branch="false"/>
            <line number="8" hits="2" branch="false"/>
            <line number="12" hits="2" branch="false"/>
            <line number="14" hits="2" branch="true" condition-coverage="100% (1/1)"/>
            <line number="15" hits="3" branch="false"/>
            <line number="18" hits="2" branch="false"/>
            <line number="19" hits="2" branch="true" condition-coverage="100% (2/2)"/>
            <line number="23" hits="2" branch="false"/>
            <line number="24" hits="19" branch="true" condition-coverage="100% (2/2)"/>
            <line number="26" hits="19" branch="false"/>
            <line number="35" hits="19" branch="false"/>
            <line number="38" hits="2" branch="true" condition-coverage="100% (1/1)"/>
            <line number="39" hits="1" branch="false"/>
            <line number="42" hits="1" branch="false"/>
            <line number="52" hits="2" branch="false"/>
            <line number="53" hits="2" branch="true" condition-coverage="100% (1/1)"/>
            <line number="54" hits="1" branch="false"/>
            <line number="57" hits="1" branch="false"/>
            <line number="59" hits="1" branch="false"/>
            <line number="60" hits="1" branch="false"/>
            <line number="62" hits="1" branch="false"/>
            <line number="63" hits="2" branch="true" condition-coverage="100% (1/1)"/>
            <line number="64" hits="2" branch="false"/>
            <line number="67" hits="2" branch="false"/>
            <line number="71" hits="1" branch="false"/>
            <line number="78" hits="19" branch="false"/>
            <line number="81" hits="6" branch="true" condition-coverage="100% (1/1)"/>
            <line number="82" hits="1" branch="false"/>
            <line number="85" hits="5" branch="false"/>
            <line number="86" hits="5" branch="true" condition-coverage="100% (2/2)"/>
            <line number="93" hits="5" branch="false"/>
            <line number="94" hits="7" branch="false"/>
            <line number="100" hits="2" branch="true" condition-coverage="100% (1/1)"/>
            <line number="101" hits="1" branch="false"/>
            <line number="107" hits="3" branch="false"/>
            <line number="111" hits="19" branch="false"/>
            <line number="114" hits="0" branch="true" condition-coverage="0% (0/2)"/>
            <line number="116" hits="0" branch="false"/>
            <line number="117" hits="0" branch="false"/>
            <line number="119" hits="0" branch="false"/>
            <line number="121" hits="0" branch="false"/>
            <line number="122" hits="0" branch="true" condition-coverage="0% (0/2)"/>
            <line number="124" hits="0" branch="false"/>
            <line number="125" hits="0" branch="false"/>
            <line number="127" hits="0" branch="false"/>
            <line number="128" hits="0" branch="false"/>
            <line number="130" hits="0" branch="false"/>
            <line number="131" hits="0" branch="false"/>
            <line number="132" hits="0" branch="false"/>
            <line number="134" hits="0" branch="false"/>
            <line number="141" hits="0" branch="true" condition-coverage="0% (0/2)"/>
            <line number="143" hits="0" branch="false"/>
            <line number="144" hits="0" branch="false"/>
            <line number="149" hits="0" branch="false"/>
            <line number="153" hits="0" branch="false"/>
            <line number="162" hits="0" branch="false"/>
            <line number="163" hits="0" branch="false"/>
            <line number="167" hits="0" branch="false"/>
          </lines>
        </class>
        <class name="rg.ts" filename="src/models/rg.ts" line-rate="0.1232" branch-rate="0">
          <methods>
            <method name="(anonymous_1)" hits="4" signature="()V">
              <lines>
                <line number="16" hits="4"/>
              </lines>
            </method>
            <method name="(anonymous_2)" hits="0" signature="()V">
              <lines>
                <line number="61" hits="0"/>
              </lines>
            </method>
            <method name="(anonymous_3)" hits="0" signature="()V">
              <lines>
                <line number="63" hits="0"/>
              </lines>
            </method>
            <method name="(anonymous_4)" hits="0" signature="()V">
              <lines>
                <line number="100" hits="0"/>
              </lines>
            </method>
            <method name="(anonymous_5)" hits="0" signature="()V">
              <lines>
                <line number="101" hits="0"/>
              </lines>
            </method>
            <method name="(anonymous_6)" hits="0" signature="()V">
              <lines>
                <line number="102" hits="0"/>
              </lines>
            </method>
            <method name="(anonymous_7)" hits="0" signature="()V">
              <lines>
                <line number="104" hits="0"/>
              </lines>
            </method>
            <method name="(anonymous_8)" hits="0" signature="()V">
              <lines>
                <line number="108" hits="0"/>
              </lines>
            </method>
            <method name="(anonymous_9)" hits="0" signature="()V">
              <lines>
                <line number="122" hits="0"/>
              </lines>
            </method>
            <method name="(anonymous_10)" hits="0" signature="()V">
              <lines>
                <line number="180" hits="0"/>
              </lines>
            </method>
            <method name="(anonymous_11)" hits="0" signature="()V">
              <lines>
                <line number="187" hits="0"/>
              </lines>
            </method>
          </methods>
          <lines>
            <line number="1" hits="4" branch="false"/>
            <line number="2" hits="4" branch="false"/>
            <line number="3" hits="4" branch="false"/>
            <line number="5" hits="4" branch="false"/>
            <line number="7" hits="4" branch="false"/>
            <line number="16" hits="4" branch="false"/>
            <line number="17" hits="4" branch="false"/>
            <line number="45" hits="4" branch="false"/>
            <line number="58" hits="4" branch="false"/>
            <line number="59" hits="0" branch="false"/>
            <line number="61" hits="0" branch="false"/>
            <line number="70" hits="0" branch="false"/>
            <line number="72" hits="0" branch="false"/>
            <line number="73" hits="0" branch="false"/>
            <line number="75" hits="0" branch="true" condition-coverage="0% (0/1)"/>
            <line number="76" hits="0" branch="false"/>
            <line number="77" hits="0" branch="false"/>
            <line number="81" hits="0" branch="true" condition-coverage="0% (0/1)"/>
            <line number="82" hits="0" branch="false"/>
            <line number="83" hits="0" branch="false"/>
            <line number="87" hits="0" branch="true" condition-coverage="0% (0/1)"/>
            <line number="88" hits="0" branch="false"/>
            <line number="91" hits="0" branch="true" condition-coverage="0% (0/2)"/>
            <line number="92" hits="0" branch="true" condition-coverage="0% (0/1)"/>
            <line number="93" hits="0" branch="false"/>
            <line number="96" hits="0" branch="false"/>
            <line number="100" hits="0" branch="false"/>
            <line number="101" hits="0" branch="false"/>
            <line number="102" hits="0" branch="false"/>
            <line number="104" hits="0" branch="false"/>
            <line number="109" hits="0" branch="true" condition-coverage="0% (0/1)"/>
            <line number="110" hits="0" branch="false"/>
            <line number="113" hits="0" branch="false"/>
            <line number="114" hits="0" branch="true" condition-coverage="0% (0/1)"/>
            <line number="115" hits="0" branch="false"/>
            <line number="116" hits="0" branch="false"/>
            <line number="119" hits="0" branch="false"/>
            <line number="120" hits="0" branch="true" condition-coverage="0% (0/2)"/>
            <line number="122" hits="0" branch="true" condition-coverage="0% (0/1)"/>
            <line number="123" hits="0" branch="false"/>
            <line number="124" hits="0" branch="false"/>
            <line number="127" hits="0" branch="false"/>
            <line number="129" hits="0" branch="false"/>
            <line number="130" hits="0" branch="false"/>
            <line number="132" hits="0" branch="true" condition-coverage="0% (0/1)"/>
            <line number="133" hits="0" branch="false"/>
            <line number="136" hits="0" branch="false"/>
            <line number="137" hits="0" branch="false"/>
            <line number="138" hits="0" branch="false"/>
            <line number="140" hits="0" branch="false"/>
            <line number="141" hits="0" branch="true" condition-coverage="0% (0/1)"/>
            <line number="142" hits="0" branch="false"/>
            <line number="145" hits="0" branch="false"/>
            <line number="146" hits="0" branch="false"/>
            <line number="148" hits="0" branch="false"/>
            <line number="150" hits="0" branch="true" condition-coverage="0% (0/2)"/>
            <line number="151" hits="0" branch="false"/>
            <line number="152" hits="0" branch="false"/>
            <line number="154" hits="0" branch="true" condition-coverage="0% (0/2)"/>
            <line number="155" hits="0" branch="false"/>
            <line number="157" hits="0" branch="false"/>
            <line number="160" hits="0" branch="false"/>
            <line number="166" hits="0" branch="false"/>
            <line number="167" hits="0" branch="false"/>
            <line number="170" hits="0" branch="false"/>
            <line number="172" hits="0" branch="true" condition-coverage="0% (0/1)"/>
            <line number="173" hits="0" branch="false"/>
            <line number="176" hits="0" branch="false"/>
            <line number="177" hits="0" branch="false"/>
            <line number="181" hits="0" branch="false"/>
            <line number="182" hits="0" branch="false"/>
            <line number="184" hits="0" branch="true" condition-coverage="0% (0/2)"/>
            <line number="188" hits="0" branch="false"/>
          </lines>
        </class>
        <class name="vfs.ts" filename="src/models/vfs.ts" line-rate="0.5" branch-rate="0">
          <methods>
            <method name="(anonymous_1)" hits="0" signature="()V">
              <lines>
                <line number="14" hits="0"/>
              </lines>
            </method>
            <method name="(anonymous_2)" hits="0" signature="()V">
              <lines>
                <line number="25" hits="0"/>
              </lines>
            </method>
          </methods>
          <lines>
            <line number="1" hits="1" branch="false"/>
            <line number="2" hits="1" branch="false"/>
            <line number="13" hits="1" branch="false"/>
            <line number="15" hits="0" branch="true" condition-coverage="0% (0/4)"/>
            <line number="17" hits="0" branch="false"/>
            <line number="26" hits="0" branch="false"/>
          </lines>
        </class>
      </classes>
    </package>
    <package name="src.models.content" line-rate="0.8125" branch-rate="0.8">
      <classes>
        <class name="factory.ts" filename="src/models/content/factory.ts" line-rate="0.7857" branch-rate="0.8">
          <methods>
            <method name="(anonymous_10)" hits="27" signature="()V">
              <lines>
                <line number="25" hits="27"/>
              </lines>
            </method>
            <method name="(anonymous_11)" hits="3" signature="()V">
              <lines>
                <line number="31" hits="3"/>
              </lines>
            </method>
            <method name="(anonymous_12)" hits="1" signature="()V">
              <lines>
                <line number="41" hits="1"/>
              </lines>
            </method>
            <method name="(anonymous_13)" hits="1" signature="()V">
              <lines>
                <line number="46" hits="1"/>
              </lines>
            </method>
            <method name="(anonymous_14)" hits="0" signature="()V">
              <lines>
                <line number="51" hits="0"/>
              </lines>
            </method>
            <method name="(anonymous_15)" hits="4" signature="()V">
              <lines>
                <line number="56" hits="4"/>
              </lines>
            </method>
            <method name="(anonymous_16)" hits="1" signature="()V">
              <lines>
                <line number="61" hits="1"/>
              </lines>
            </method>
            <method name="(anonymous_17)" hits="2" signature="()V">
              <lines>
                <line number="69" hits="2"/>
              </lines>
            </method>
            <method name="(anonymous_18)" hits="3" signature="()V">
              <lines>
                <line number="72" hits="3"/>
              </lines>
            </method>
            <method name="(anonymous_19)" hits="2" signature="()V">
              <lines>
                <line number="80" hits="2"/>
              </lines>
            </method>
            <method name="(anonymous_20)" hits="2" signature="()V">
              <lines>
                <line number="83" hits="2"/>
              </lines>
            </method>
            <method name="(anonymous_21)" hits="1" signature="()V">
              <lines>
                <line number="91" hits="1"/>
              </lines>
            </method>
            <method name="(anonymous_22)" hits="0" signature="()V">
              <lines>
                <line number="103" hits="0"/>
              </lines>
            </method>
            <method name="(anonymous_23)" hits="0" signature="()V">
              <lines>
                <line number="107" hits="0"/>
              </lines>
            </method>
            <method name="(anonymous_24)" hits="0" signature="()V">
              <lines>
                <line number="116" hits="0"/>
              </lines>
            </method>
            <method name="(anonymous_25)" hits="13" signature="()V">
              <lines>
                <line number="128" hits="13"/>
              </lines>
            </method>
            <method name="(anonymous_26)" hits="2" signature="()V">
              <lines>
                <line number="132" hits="2"/>
              </lines>
            </method>
          </methods>
          <lines>
            <line number="1" hits="6" branch="false"/>
            <line number="2" hits="6" branch="false"/>
            <line number="3" hits="6" branch="false"/>
            <line number="4" hits="6" branch="false"/>
            <line number="6" hits="6" branch="false"/>
            <line number="10" hits="6" branch="false"/>
            <line number="12" hits="6" branch="false"/>
            <line number="24" hits="6" branch="false"/>
            <line number="25" hits="27" branch="false"/>
            <line number="35" hits="3" branch="true" condition-coverage="100% (2/2)"/>
            <line number="42" hits="1" branch="false"/>
            <line number="47" hits="1" branch="false"/>
            <line number="52" hits="0" branch="false"/>
            <line number="57" hits="4" branch="false"/>
            <line number="65" hits="1" branch="false"/>
            <line number="70" hits="2" branch="false"/>
            <line number="72" hits="3" branch="true" condition-coverage="50% (1/2)"/>
            <line number="81" hits="2" branch="false"/>
            <line number="83" hits="2" branch="true" condition-coverage="100% (2/2)"/>
            <line number="92" hits="1" branch="false"/>
            <line number="94" hits="1" branch="false"/>
            <line number="104" hits="0" branch="false"/>
            <line number="106" hits="0" branch="false"/>
            <line number="107" hits="0" branch="false"/>
            <line number="115" hits="0" branch="false"/>
            <line number="117" hits="0" branch="false"/>
            <line number="129" hits="13" branch="false"/>
            <line number="133" hits="2" branch="true" condition-coverage="100% (2/2)"/>
          </lines>
        </class>
        <class name="index.ts" filename="src/models/content/index.ts" line-rate="1" branch-rate="1">
          <methods>
          </methods>
          <lines>
            <line number="1" hits="5" branch="false"/>
            <line number="2" hits="5" branch="false"/>
            <line number="4" hits="5" branch="false"/>
            <line number="5" hits="5" branch="false"/>
          </lines>
        </class>
      </classes>
    </package>
    <package name="src.models.content.kinds" line-rate="0.9736" branch-rate="0.9473">
      <classes>
        <class name="article.ts" filename="src/models/content/kinds/article.ts" line-rate="0.8887999999999999" branch-rate="1">
          <methods>
            <method name="(anonymous_1)" hits="35" signature="()V">
              <lines>
                <line number="7" hits="35"/>
              </lines>
            </method>
            <method name="(anonymous_2)" hits="32" signature="()V">
              <lines>
                <line number="16" hits="32"/>
              </lines>
            </method>
            <method name="(anonymous_3)" hits="0" signature="()V">
              <lines>
                <line number="24" hits="0"/>
              </lines>
            </method>
            <method name="(anonymous_4)" hits="35" signature="()V">
              <lines>
                <line number="28" hits="35"/>
              </lines>
            </method>
          </methods>
          <lines>
            <line number="1" hits="6" branch="false"/>
            <line number="3" hits="6" branch="false"/>
            <line number="5" hits="6" branch="false"/>
            <line number="7" hits="6" branch="false"/>
            <line number="14" hits="35" branch="false"/>
            <line number="17" hits="32" branch="true" condition-coverage="100% (2/2)"/>
            <line number="19" hits="32" branch="false"/>
            <line number="25" hits="0" branch="false"/>
            <line number="29" hits="35" branch="false"/>
          </lines>
        </class>
        <class name="attachment.ts" filename="src/models/content/kinds/attachment.ts" line-rate="1" branch-rate="1">
          <methods>
            <method name="(anonymous_1)" hits="17" signature="()V">
              <lines>
                <line number="6" hits="17"/>
              </lines>
            </method>
            <method name="(anonymous_2)" hits="4" signature="()V">
              <lines>
                <line number="16" hits="4"/>
              </lines>
            </method>
            <method name="(anonymous_3)" hits="1" signature="()V">
              <lines>
                <line number="22" hits="1"/>
              </lines>
            </method>
            <method name="(anonymous_4)" hits="17" signature="()V">
              <lines>
                <line number="26" hits="17"/>
              </lines>
            </method>
          </methods>
          <lines>
            <line number="1" hits="7" branch="false"/>
            <line number="3" hits="7" branch="false"/>
            <line number="6" hits="7" branch="false"/>
            <line number="14" hits="17" branch="false"/>
            <line number="17" hits="4" branch="true" condition-coverage="100% (2/2)"/>
            <line number="23" hits="1" branch="false"/>
            <line number="29" hits="17" branch="true" condition-coverage="100% (4/4)"/>
            <line number="31" hits="17" branch="false"/>
          </lines>
        </class>
        <class name="group.ts" filename="src/models/content/kinds/group.ts" line-rate="1" branch-rate="1">
          <methods>
            <method name="(anonymous_0)" hits="2" signature="()V">
              <lines>
                <line number="4" hits="2"/>
              </lines>
            </method>
            <method name="(anonymous_1)" hits="2" signature="()V">
              <lines>
                <line number="5" hits="2"/>
              </lines>
            </method>
            <method name="(anonymous_2)" hits="7" signature="()V">
              <lines>
                <line number="8" hits="7"/>
              </lines>
            </method>
            <method name="(anonymous_3)" hits="6" signature="()V">
              <lines>
                <line number="9" hits="6"/>
              </lines>
            </method>
            <method name="(anonymous_4)" hits="2" signature="()V">
              <lines>
                <line number="19" hits="2"/>
              </lines>
            </method>
            <method name="(anonymous_5)" hits="1" signature="()V">
              <lines>
                <line number="20" hits="1"/>
              </lines>
            </method>
            <method name="(anonymous_6)" hits="2" signature="()V">
              <lines>
                <line number="24" hits="2"/>
              </lines>
            </method>
            <method name="(anonymous_7)" hits="22" signature="()V">
              <lines>
                <line number="28" hits="22"/>
              </lines>
            </method>
          </methods>
          <lines>
            <line number="1" hits="7" branch="false"/>
            <line number="3" hits="7" branch="false"/>
            <line number="5" hits="2" branch="false"/>
            <line number="9" hits="7" branch="false"/>
            <line number="10" hits="6" branch="true" condition-coverage="100% (1/1)"/>
            <line number="11" hits="3" branch="false"/>
            <line number="14" hits="3" branch="false"/>
            <line number="15" hits="3" branch="false"/>
            <line number="20" hits="2" branch="false"/>
            <line number="21" hits="2" branch="false"/>
            <line number="25" hits="2" branch="false"/>
            <line number="29" hits="22" branch="false"/>
          </lines>
        </class>
        <class name="index.ts" filename="src/models/content/kinds/index.ts" line-rate="1" branch-rate="1">
          <methods>
          </methods>
          <lines>
            <line number="1" hits="6" branch="false"/>
            <line number="2" hits="6" branch="false"/>
            <line number="3" hits="6" branch="false"/>
            <line number="4" hits="6" branch="false"/>
            <line number="5" hits="6" branch="false"/>
            <line number="6" hits="6" branch="false"/>
            <line number="7" hits="6" branch="false"/>
          </lines>
        </class>
        <class name="model.ts" filename="src/models/content/kinds/model.ts" line-rate="1" branch-rate="1">
          <methods>
            <method name="(anonymous_0)" hits="148" signature="()V">
              <lines>
                <line number="8" hits="148"/>
              </lines>
            </method>
            <method name="(anonymous_1)" hits="12" signature="()V">
              <lines>
                <line number="15" hits="12"/>
              </lines>
            </method>
          </methods>
          <lines>
            <line number="4" hits="13" branch="false"/>
            <line number="8" hits="148" branch="false"/>
            <line number="16" hits="12" branch="false"/>
            <line number="18" hits="12" branch="false"/>
            <line number="19" hits="12" branch="false"/>
          </lines>
        </class>
        <class name="plain.ts" filename="src/models/content/kinds/plain.ts" line-rate="1" branch-rate="0.75">
          <methods>
            <method name="(anonymous_0)" hits="32" signature="()V">
              <lines>
                <line number="3" hits="32"/>
              </lines>
            </method>
            <method name="(anonymous_1)" hits="8" signature="()V">
              <lines>
                <line number="6" hits="8"/>
              </lines>
            </method>
            <method name="(anonymous_2)" hits="12" signature="()V">
              <lines>
                <line number="12" hits="12"/>
              </lines>
            </method>
            <method name="(anonymous_3)" hits="9" signature="()V">
              <lines>
                <line number="15" hits="9"/>
              </lines>
            </method>
            <method name="(anonymous_4)" hits="32" signature="()V">
              <lines>
                <line number="19" hits="32"/>
              </lines>
            </method>
          </methods>
          <lines>
            <line number="1" hits="7" branch="false"/>
            <line number="3" hits="7" branch="false"/>
            <line number="4" hits="32" branch="false"/>
            <line number="7" hits="8" branch="true" condition-coverage="100% (2/2)"/>
            <line number="8" hits="8" branch="true" condition-coverage="50% (1/2)"/>
            <line number="10" hits="8" branch="false"/>
            <line number="12" hits="12" branch="false"/>
            <line number="16" hits="9" branch="false"/>
            <line number="20" hits="32" branch="false"/>
          </lines>
        </class>
        <class name="rules.ts" filename="src/models/content/kinds/rules.ts" line-rate="0.875" branch-rate="1">
          <methods>
            <method name="(anonymous_1)" hits="10" signature="()V">
              <lines>
                <line number="7" hits="10"/>
              </lines>
            </method>
            <method name="(anonymous_2)" hits="0" signature="()V">
              <lines>
                <line number="10" hits="0"/>
              </lines>
            </method>
            <method name="(anonymous_3)" hits="3" signature="()V">
              <lines>
                <line number="16" hits="3"/>
              </lines>
            </method>
            <method name="(anonymous_4)" hits="10" signature="()V">
              <lines>
                <line number="20" hits="10"/>
              </lines>
            </method>
          </methods>
          <lines>
            <line number="1" hits="7" branch="false"/>
            <line number="3" hits="7" branch="false"/>
            <line number="5" hits="7" branch="false"/>
            <line number="7" hits="7" branch="false"/>
            <line number="8" hits="10" branch="false"/>
            <line number="11" hits="0" branch="false"/>
            <line number="17" hits="3" branch="false"/>
            <line number="21" hits="10" branch="false"/>
          </lines>
        </class>
        <class name="sources.ts" filename="src/models/content/kinds/sources.ts" line-rate="1" branch-rate="1">
          <methods>
            <method name="(anonymous_1)" hits="11" signature="()V">
              <lines>
                <line number="7" hits="11"/>
              </lines>
            </method>
            <method name="(anonymous_2)" hits="1" signature="()V">
              <lines>
                <line number="13" hits="1"/>
              </lines>
            </method>
            <method name="(anonymous_3)" hits="6" signature="()V">
              <lines>
                <line number="19" hits="6"/>
              </lines>
            </method>
            <method name="(anonymous_4)" hits="7" signature="()V">
              <lines>
                <line number="21" hits="7"/>
              </lines>
            </method>
            <method name="(anonymous_5)" hits="3" signature="()V">
              <lines>
                <line number="25" hits="3"/>
              </lines>
            </method>
            <method name="(anonymous_6)" hits="11" signature="()V">
              <lines>
                <line number="29" hits="11"/>
              </lines>
            </method>
          </methods>
          <lines>
            <line number="1" hits="7" branch="false"/>
            <line number="3" hits="7" branch="false"/>
            <line number="5" hits="7" branch="false"/>
            <line number="7" hits="7" branch="false"/>
            <line number="11" hits="11" branch="false"/>
            <line number="14" hits="1" branch="false"/>
            <line number="20" hits="6" branch="false"/>
            <line number="21" hits="7" branch="true" condition-coverage="100% (2/2)"/>
            <line number="26" hits="3" branch="false"/>
            <line number="30" hits="11" branch="false"/>
          </lines>
        </class>
        <class name="tasks.ts" filename="src/models/content/kinds/tasks.ts" line-rate="1" branch-rate="1">
          <methods>
            <method name="(anonymous_1)" hits="8" signature="()V">
              <lines>
                <line number="7" hits="8"/>
              </lines>
            </method>
            <method name="(anonymous_2)" hits="1" signature="()V">
              <lines>
                <line number="10" hits="1"/>
              </lines>
            </method>
            <method name="(anonymous_3)" hits="2" signature="()V">
              <lines>
                <line number="16" hits="2"/>
              </lines>
            </method>
            <method name="(anonymous_4)" hits="8" signature="()V">
              <lines>
                <line number="20" hits="8"/>
              </lines>
            </method>
          </methods>
          <lines>
            <line number="1" hits="7" branch="false"/>
            <line number="3" hits="7" branch="false"/>
            <line number="5" hits="7" branch="false"/>
            <line number="7" hits="7" branch="false"/>
            <line number="8" hits="8" branch="false"/>
            <line number="11" hits="1" branch="false"/>
            <line number="17" hits="2" branch="false"/>
            <line number="21" hits="8" branch="false"/>
          </lines>
        </class>
      </classes>
    </package>
    <package name="src.models.llm" line-rate="0.932" branch-rate="0.9428">
      <classes>
        <class name="factory.ts" filename="src/models/llm/factory.ts" line-rate="0.8863" branch-rate="1">
          <methods>
            <method name="(anonymous_10)" hits="8" signature="()V">
              <lines>
                <line number="10" hits="8"/>
              </lines>
            </method>
            <method name="(anonymous_11)" hits="7" signature="()V">
              <lines>
                <line number="14" hits="7"/>
              </lines>
            </method>
            <method name="(anonymous_12)" hits="1" signature="()V">
              <lines>
                <line number="19" hits="1"/>
              </lines>
            </method>
            <method name="(anonymous_13)" hits="1" signature="()V">
              <lines>
                <line number="25" hits="1"/>
              </lines>
            </method>
            <method name="(anonymous_14)" hits="2" signature="()V">
              <lines>
                <line number="33" hits="2"/>
              </lines>
            </method>
            <method name="(anonymous_15)" hits="1" signature="()V">
              <lines>
                <line number="58" hits="1"/>
              </lines>
            </method>
            <method name="(anonymous_16)" hits="1" signature="()V">
              <lines>
                <line number="59" hits="1"/>
              </lines>
            </method>
            <method name="(anonymous_17)" hits="1" signature="()V">
              <lines>
                <line number="64" hits="1"/>
              </lines>
            </method>
            <method name="(anonymous_18)" hits="8" signature="()V">
              <lines>
                <line number="69" hits="8"/>
              </lines>
            </method>
            <method name="(anonymous_19)" hits="4" signature="()V">
              <lines>
                <line number="77" hits="4"/>
              </lines>
            </method>
            <method name="(anonymous_20)" hits="1" signature="()V">
              <lines>
                <line number="80" hits="1"/>
              </lines>
            </method>
            <method name="(anonymous_21)" hits="3" signature="()V">
              <lines>
                <line number="94" hits="3"/>
              </lines>
            </method>
            <method name="(anonymous_22)" hits="1" signature="()V">
              <lines>
                <line number="99" hits="1"/>
              </lines>
            </method>
            <method name="(anonymous_23)" hits="0" signature="()V">
              <lines>
                <line number="105" hits="0"/>
              </lines>
            </method>
            <method name="(anonymous_24)" hits="0" signature="()V">
              <lines>
                <line number="110" hits="0"/>
              </lines>
            </method>
            <method name="(anonymous_25)" hits="0" signature="()V">
              <lines>
                <line number="110" hits="0"/>
              </lines>
            </method>
            <method name="(anonymous_26)" hits="0" signature="()V">
              <lines>
                <line number="111" hits="0"/>
              </lines>
            </method>
            <method name="(anonymous_27)" hits="2" signature="()V">
              <lines>
                <line number="117" hits="2"/>
              </lines>
            </method>
            <method name="(anonymous_28)" hits="2" signature="()V">
              <lines>
                <line number="118" hits="2"/>
              </lines>
            </method>
            <method name="(anonymous_29)" hits="4" signature="()V">
              <lines>
                <line number="122" hits="4"/>
              </lines>
            </method>
          </methods>
          <lines>
            <line number="1" hits="4" branch="false"/>
            <line number="2" hits="4" branch="false"/>
            <line number="3" hits="4" branch="false"/>
            <line number="8" hits="4" branch="false"/>
            <line number="10" hits="4" branch="false"/>
            <line number="11" hits="8" branch="false"/>
            <line number="15" hits="7" branch="false"/>
            <line number="20" hits="1" branch="false"/>
            <line number="21" hits="1" branch="false"/>
            <line number="26" hits="1" branch="false"/>
            <line number="27" hits="1" branch="false"/>
            <line number="29" hits="1" branch="false"/>
            <line number="41" hits="2" branch="false"/>
            <line number="42" hits="2" branch="false"/>
            <line number="43" hits="2" branch="false"/>
            <line number="44" hits="2" branch="false"/>
            <line number="46" hits="2" branch="true" condition-coverage="100% (1/1)"/>
            <line number="47" hits="1" branch="false"/>
            <line number="49" hits="1" branch="false"/>
            <line number="50" hits="1" branch="false"/>
            <line number="51" hits="1" branch="false"/>
            <line number="54" hits="2" branch="false"/>
            <line number="59" hits="1" branch="false"/>
            <line number="60" hits="1" branch="false"/>
            <line number="65" hits="1" branch="false"/>
            <line number="66" hits="1" branch="false"/>
            <line number="70" hits="8" branch="false"/>
            <line number="74" hits="4" branch="false"/>
            <line number="75" hits="4" branch="false"/>
            <line number="77" hits="4" branch="false"/>
            <line number="81" hits="1" branch="false"/>
            <line number="83" hits="1" branch="false"/>
            <line number="90" hits="1" branch="false"/>
            <line number="95" hits="3" branch="false"/>
            <line number="100" hits="1" branch="false"/>
            <line number="101" hits="1" branch="false"/>
            <line number="106" hits="0" branch="false"/>
            <line number="108" hits="0" branch="false"/>
            <line number="110" hits="0" branch="false"/>
            <line number="111" hits="0" branch="false"/>
            <line number="113" hits="0" branch="false"/>
            <line number="118" hits="2" branch="false"/>
            <line number="119" hits="2" branch="false"/>
            <line number="123" hits="4" branch="false"/>
          </lines>
        </class>
        <class name="index.ts" filename="src/models/llm/index.ts" line-rate="1" branch-rate="1">
          <methods>
          </methods>
          <lines>
            <line number="1" hits="3" branch="false"/>
            <line number="2" hits="3" branch="false"/>
            <line number="4" hits="3" branch="false"/>
            <line number="5" hits="3" branch="false"/>
            <line number="7" hits="3" branch="false"/>
            <line number="8" hits="3" branch="false"/>
            <line number="9" hits="3" branch="false"/>
            <line number="10" hits="3" branch="false"/>
          </lines>
        </class>
        <class name="mcp.ts" filename="src/models/llm/mcp.ts" line-rate="0.9285" branch-rate="0.909">
          <methods>
            <method name="(anonymous_1)" hits="17" signature="()V">
              <lines>
                <line number="7" hits="17"/>
              </lines>
            </method>
            <method name="(anonymous_2)" hits="8" signature="()V">
              <lines>
                <line number="17" hits="8"/>
              </lines>
            </method>
            <method name="(anonymous_3)" hits="2" signature="()V">
              <lines>
                <line number="34" hits="2"/>
              </lines>
            </method>
            <method name="(anonymous_4)" hits="0" signature="()V">
              <lines>
                <line number="44" hits="0"/>
              </lines>
            </method>
            <method name="(anonymous_5)" hits="17" signature="()V">
              <lines>
                <line number="49" hits="17"/>
              </lines>
            </method>
            <method name="(anonymous_6)" hits="5" signature="()V">
              <lines>
                <line number="55" hits="5"/>
              </lines>
            </method>
            <method name="(anonymous_7)" hits="3" signature="()V">
              <lines>
                <line number="57" hits="3"/>
              </lines>
            </method>
            <method name="(anonymous_8)" hits="3" signature="()V">
              <lines>
                <line number="66" hits="3"/>
              </lines>
            </method>
            <method name="(anonymous_9)" hits="3" signature="()V">
              <lines>
                <line number="67" hits="3"/>
              </lines>
            </method>
            <method name="(anonymous_10)" hits="1" signature="()V">
              <lines>
                <line number="75" hits="1"/>
              </lines>
            </method>
            <method name="(anonymous_11)" hits="1" signature="()V">
              <lines>
                <line number="76" hits="1"/>
              </lines>
            </method>
            <method name="(anonymous_12)" hits="1" signature="()V">
              <lines>
                <line number="85" hits="1"/>
              </lines>
            </method>
            <method name="(anonymous_13)" hits="5" signature="()V">
              <lines>
                <line number="89" hits="5"/>
              </lines>
            </method>
          </methods>
          <lines>
            <line number="1" hits="4" branch="false"/>
            <line number="2" hits="4" branch="false"/>
            <line number="4" hits="4" branch="false"/>
            <line number="6" hits="4" branch="false"/>
            <line number="7" hits="17" branch="false"/>
            <line number="18" hits="8" branch="false"/>
            <line number="35" hits="2" branch="false"/>
            <line number="37" hits="2" branch="true" condition-coverage="100% (1/1)"/>
            <line number="38" hits="2" branch="false"/>
            <line number="41" hits="2" branch="false"/>
            <line number="45" hits="0" branch="false"/>
            <line number="46" hits="0" branch="false"/>
            <line number="50" hits="17" branch="false"/>
            <line number="54" hits="4" branch="false"/>
            <line number="55" hits="5" branch="false"/>
            <line number="58" hits="3" branch="false"/>
            <line number="60" hits="3" branch="false"/>
            <line number="61" hits="3" branch="false"/>
            <line number="63" hits="3" branch="true" condition-coverage="100% (1/1)"/>
            <line number="64" hits="2" branch="false"/>
            <line number="65" hits="2" branch="false"/>
            <line number="67" hits="3" branch="true" condition-coverage="100% (2/2)"/>
            <line number="73" hits="3" branch="true" condition-coverage="100% (1/1)"/>
            <line number="74" hits="1" branch="false"/>
            <line number="76" hits="1" branch="true" condition-coverage="50% (1/2)"/>
            <line number="82" hits="3" branch="false"/>
            <line number="86" hits="1" branch="false"/>
            <line number="90" hits="5" branch="false"/>
          </lines>
        </class>
        <class name="router.ts" filename="src/models/llm/router.ts" line-rate="1" branch-rate="0.9545">
          <methods>
            <method name="(anonymous_10)" hits="40" signature="()V">
              <lines>
                <line number="8" hits="40"/>
              </lines>
            </method>
            <method name="(anonymous_11)" hits="36" signature="()V">
              <lines>
                <line number="16" hits="36"/>
              </lines>
            </method>
            <method name="(anonymous_12)" hits="7" signature="()V">
              <lines>
                <line number="33" hits="7"/>
              </lines>
            </method>
            <method name="(anonymous_13)" hits="29" signature="()V">
              <lines>
                <line number="50" hits="29"/>
              </lines>
            </method>
          </methods>
          <lines>
            <line number="1" hits="4" branch="false"/>
            <line number="4" hits="4" branch="false"/>
            <line number="5" hits="4" branch="false"/>
            <line number="7" hits="4" branch="false"/>
            <line number="8" hits="40" branch="false"/>
            <line number="17" hits="36" branch="true" condition-coverage="100% (2/2)"/>
            <line number="21" hits="36" branch="true" condition-coverage="100% (6/6)"/>
            <line number="22" hits="2" branch="false"/>
            <line number="23" hits="3" branch="false"/>
            <line number="24" hits="1" branch="false"/>
            <line number="25" hits="26" branch="false"/>
            <line number="28" hits="4" branch="false"/>
            <line number="34" hits="7" branch="true" condition-coverage="100% (1/1)"/>
            <line number="35" hits="1" branch="false"/>
            <line number="37" hits="6" branch="true" condition-coverage="100% (1/1)"/>
            <line number="38" hits="1" branch="false"/>
            <line number="40" hits="5" branch="true" condition-coverage="100% (1/1)"/>
            <line number="41" hits="1" branch="false"/>
            <line number="43" hits="4" branch="true" condition-coverage="100% (3/3)"/>
            <line number="44" hits="3" branch="false"/>
            <line number="47" hits="1" branch="false"/>
            <line number="51" hits="29" branch="false"/>
          </lines>
        </class>
        <class name="types.ts" filename="src/models/llm/types.ts" line-rate="1" branch-rate="1">
          <methods>
          </methods>
          <lines>
            <line number="4" hits="4" branch="false"/>
          </lines>
        </class>
      </classes>
    </package>
    <package name="src.models.llm.providers" line-rate="1" branch-rate="0.9782">
      <classes>
        <class name="anthropic.ts" filename="src/models/llm/providers/anthropic.ts" line-rate="1" branch-rate="1">
          <methods>
            <method name="(anonymous_0)" hits="44" signature="()V">
              <lines>
                <line number="7" hits="44"/>
              </lines>
            </method>
            <method name="(anonymous_1)" hits="17" signature="()V">
              <lines>
                <line number="15" hits="17"/>
              </lines>
            </method>
            <method name="(anonymous_2)" hits="44" signature="()V">
              <lines>
                <line number="39" hits="44"/>
              </lines>
            </method>
          </methods>
          <lines>
            <line number="1" hits="5" branch="false"/>
            <line number="5" hits="5" branch="false"/>
            <line number="7" hits="5" branch="false"/>
            <line number="8" hits="44" branch="false"/>
            <line number="10" hits="44" branch="false"/>
            <line number="16" hits="17" branch="false"/>
            <line number="36" hits="17" branch="false"/>
            <line number="43" hits="44" branch="true" condition-coverage="100% (2/2)"/>
          </lines>
        </class>
        <class name="google.ts" filename="src/models/llm/providers/google.ts" line-rate="1" branch-rate="1">
          <methods>
            <method name="(anonymous_0)" hits="31" signature="()V">
              <lines>
                <line number="7" hits="31"/>
              </lines>
            </method>
            <method name="(anonymous_1)" hits="13" signature="()V">
              <lines>
                <line number="15" hits="13"/>
              </lines>
            </method>
            <method name="(anonymous_2)" hits="31" signature="()V">
              <lines>
                <line number="39" hits="31"/>
              </lines>
            </method>
          </methods>
          <lines>
            <line number="1" hits="5" branch="false"/>
            <line number="5" hits="5" branch="false"/>
            <line number="7" hits="5" branch="false"/>
            <line number="8" hits="31" branch="false"/>
            <line number="10" hits="31" branch="false"/>
            <line number="16" hits="13" branch="false"/>
            <line number="36" hits="13" branch="false"/>
            <line number="43" hits="31" branch="false"/>
          </lines>
        </class>
        <class name="index.ts" filename="src/models/llm/providers/index.ts" line-rate="1" branch-rate="1">
          <methods>
          </methods>
          <lines>
            <line number="1" hits="4" branch="false"/>
            <line number="2" hits="4" branch="false"/>
            <line number="3" hits="4" branch="false"/>
            <line number="4" hits="4" branch="false"/>
            <line number="5" hits="4" branch="false"/>
          </lines>
        </class>
        <class name="mistral.ts" filename="src/models/llm/providers/mistral.ts" line-rate="1" branch-rate="0.75">
          <methods>
            <method name="(anonymous_0)" hits="21" signature="()V">
              <lines>
                <line number="7" hits="21"/>
              </lines>
            </method>
            <method name="(anonymous_1)" hits="8" signature="()V">
              <lines>
                <line number="15" hits="8"/>
              </lines>
            </method>
            <method name="(anonymous_2)" hits="21" signature="()V">
              <lines>
                <line number="39" hits="21"/>
              </lines>
            </method>
          </methods>
          <lines>
            <line number="1" hits="5" branch="false"/>
            <line number="5" hits="5" branch="false"/>
            <line number="7" hits="5" branch="false"/>
            <line number="8" hits="21" branch="false"/>
            <line number="10" hits="21" branch="false"/>
            <line number="16" hits="8" branch="false"/>
            <line number="36" hits="8" branch="false"/>
            <line number="43" hits="21" branch="true" condition-coverage="100% (2/2)"/>
          </lines>
        </class>
        <class name="model.ts" filename="src/models/llm/providers/model.ts" line-rate="1" branch-rate="1">
          <methods>
            <method name="(anonymous_0)" hits="213" signature="()V">
              <lines>
                <line number="57" hits="213"/>
              </lines>
            </method>
            <method name="(anonymous_1)" hits="1" signature="()V">
              <lines>
                <line number="71" hits="1"/>
              </lines>
            </method>
            <method name="(anonymous_2)" hits="14" signature="()V">
              <lines>
                <line number="76" hits="14"/>
              </lines>
            </method>
            <method name="(anonymous_3)" hits="5" signature="()V">
              <lines>
                <line number="108" hits="5"/>
              </lines>
            </method>
          </methods>
          <lines>
            <line number="26" hits="10" branch="false"/>
            <line number="31" hits="213" branch="true" condition-coverage="100% (2/2)"/>
            <line number="34" hits="213" branch="false"/>
            <line number="37" hits="213" branch="true" condition-coverage="100% (2/2)"/>
            <line number="40" hits="213" branch="true" condition-coverage="100% (2/2)"/>
            <line number="43" hits="213" branch="true" condition-coverage="100% (2/2)"/>
            <line number="46" hits="213" branch="false"/>
            <line number="49" hits="213" branch="false"/>
            <line number="52" hits="213" branch="false"/>
            <line number="55" hits="213" branch="false"/>
            <line number="57" hits="213" branch="false"/>
            <line number="72" hits="1" branch="false"/>
            <line number="77" hits="14" branch="false"/>
            <line number="79" hits="14" branch="true" condition-coverage="100% (1/1)"/>
            <line number="80" hits="2" branch="false"/>
            <line number="82" hits="14" branch="true" condition-coverage="100% (1/1)"/>
            <line number="83" hits="1" branch="false"/>
            <line number="85" hits="14" branch="true" condition-coverage="100% (1/1)"/>
            <line number="86" hits="5" branch="false"/>
            <line number="88" hits="14" branch="true" condition-coverage="100% (1/1)"/>
            <line number="89" hits="1" branch="false"/>
            <line number="91" hits="14" branch="true" condition-coverage="100% (1/1)"/>
            <line number="92" hits="1" branch="false"/>
            <line number="94" hits="14" branch="true" condition-coverage="100% (1/1)"/>
            <line number="95" hits="1" branch="false"/>
            <line number="97" hits="14" branch="true" condition-coverage="100% (1/1)"/>
            <line number="98" hits="1" branch="false"/>
            <line number="100" hits="14" branch="true" condition-coverage="100% (1/1)"/>
            <line number="101" hits="1" branch="false"/>
            <line number="104" hits="14" branch="false"/>
            <line number="112" hits="5" branch="true" condition-coverage="100% (1/1)"/>
            <line number="113" hits="1" branch="false"/>
            <line number="116" hits="4" branch="false"/>
            <line number="118" hits="4" branch="false"/>
          </lines>
        </class>
        <class name="openai.ts" filename="src/models/llm/providers/openai.ts" line-rate="1" branch-rate="1">
          <methods>
            <method name="(anonymous_0)" hits="31" signature="()V">
              <lines>
                <line number="7" hits="31"/>
              </lines>
            </method>
            <method name="(anonymous_1)" hits="12" signature="()V">
              <lines>
                <line number="15" hits="12"/>
              </lines>
            </method>
            <method name="(anonymous_2)" hits="31" signature="()V">
              <lines>
                <line number="39" hits="31"/>
              </lines>
            </method>
          </methods>
          <lines>
            <line number="1" hits="5" branch="false"/>
            <line number="5" hits="5" branch="false"/>
            <line number="7" hits="5" branch="false"/>
            <line number="8" hits="31" branch="false"/>
            <line number="10" hits="31" branch="false"/>
            <line number="16" hits="12" branch="false"/>
            <line number="36" hits="12" branch="false"/>
            <line number="43" hits="31" branch="true" condition-coverage="100% (2/2)"/>
          </lines>
        </class>
        <class name="proxy.ts" filename="src/models/llm/providers/proxy.ts" line-rate="1" branch-rate="1">
          <methods>
            <method name="(anonymous_0)" hits="50" signature="()V">
              <lines>
                <line number="8" hits="50"/>
              </lines>
            </method>
            <method name="(anonymous_1)" hits="50" signature="()V">
              <lines>
                <line number="11" hits="50"/>
              </lines>
            </method>
            <method name="(anonymous_2)" hits="10" signature="()V">
              <lines>
                <line number="30" hits="10"/>
              </lines>
            </method>
            <method name="(anonymous_3)" hits="50" signature="()V">
              <lines>
                <line number="54" hits="50"/>
              </lines>
            </method>
          </methods>
          <lines>
            <line number="1" hits="5" branch="false"/>
            <line number="3" hits="5" branch="false"/>
            <line number="6" hits="5" branch="false"/>
            <line number="8" hits="5" branch="false"/>
            <line number="9" hits="50" branch="false"/>
            <line number="11" hits="50" branch="false"/>
            <line number="12" hits="50" branch="true" condition-coverage="100% (1/1)"/>
            <line number="13" hits="21" branch="false"/>
            <line number="19" hits="29" branch="false"/>
            <line number="31" hits="10" branch="false"/>
            <line number="51" hits="10" branch="false"/>
            <line number="58" hits="50" branch="true" condition-coverage="100% (2/2)"/>
          </lines>
        </class>
      </classes>
    </package>
    <package name="src.models.llm.tools" line-rate="0.38" branch-rate="0">
      <classes>
        <class name="attachment.ts" filename="src/models/llm/tools/attachment.ts" line-rate="0.3636" branch-rate="0">
          <methods>
            <method name="(anonymous_0)" hits="0" signature="()V">
              <lines>
                <line number="21" hits="0"/>
              </lines>
            </method>
            <method name="(anonymous_1)" hits="0" signature="()V">
              <lines>
                <line number="21" hits="0"/>
              </lines>
            </method>
          </methods>
          <lines>
            <line number="1" hits="4" branch="false"/>
            <line number="3" hits="4" branch="false"/>
            <line number="4" hits="4" branch="false"/>
            <line number="6" hits="4" branch="false"/>
            <line number="21" hits="0" branch="false"/>
            <line number="22" hits="0" branch="false"/>
            <line number="23" hits="0" branch="false"/>
            <line number="24" hits="0" branch="true" condition-coverage="0% (0/1)"/>
            <line number="25" hits="0" branch="false"/>
            <line number="28" hits="0" branch="false"/>
            <line number="30" hits="0" branch="false"/>
          </lines>
        </class>
        <class name="edit.ts" filename="src/models/llm/tools/edit.ts" line-rate="0.39130000000000004" branch-rate="0">
          <methods>
            <method name="(anonymous_1)" hits="0" signature="()V">
              <lines>
                <line number="31" hits="0"/>
              </lines>
            </method>
            <method name="(anonymous_2)" hits="0" signature="()V">
              <lines>
                <line number="31" hits="0"/>
              </lines>
            </method>
            <method name="(anonymous_3)" hits="0" signature="()V">
              <lines>
                <line number="41" hits="0"/>
              </lines>
            </method>
            <method name="(anonymous_4)" hits="0" signature="()V">
              <lines>
                <line number="57" hits="0"/>
              </lines>
            </method>
          </methods>
          <lines>
            <line number="1" hits="4" branch="false"/>
            <line number="2" hits="4" branch="false"/>
            <line number="4" hits="4" branch="false"/>
            <line number="5" hits="4" branch="false"/>
            <line number="7" hits="4" branch="false"/>
            <line number="8" hits="4" branch="false"/>
            <line number="10" hits="4" branch="false"/>
            <line number="11" hits="4" branch="false"/>
            <line number="13" hits="4" branch="false"/>
            <line number="31" hits="0" branch="false"/>
            <line number="32" hits="0" branch="false"/>
            <line number="36" hits="0" branch="false"/>
            <line number="37" hits="0" branch="true" condition-coverage="0% (0/1)"/>
            <line number="38" hits="0" branch="false"/>
            <line number="41" hits="0" branch="true" condition-coverage="0% (0/3)"/>
            <line number="42" hits="0" branch="false"/>
            <line number="45" hits="0" branch="false"/>
            <line number="51" hits="0" branch="false"/>
            <line number="57" hits="0" branch="false"/>
            <line number="58" hits="0" branch="false"/>
            <line number="60" hits="0" branch="false"/>
            <line number="62" hits="0" branch="false"/>
            <line number="64" hits="0" branch="false"/>
          </lines>
        </class>
        <class name="fetch.ts" filename="src/models/llm/tools/fetch.ts" line-rate="0.20829999999999999" branch-rate="0">
          <methods>
            <method name="(anonymous_1)" hits="0" signature="()V">
              <lines>
                <line number="13" hits="0"/>
              </lines>
            </method>
            <method name="(anonymous_2)" hits="0" signature="()V">
              <lines>
                <line number="73" hits="0"/>
              </lines>
            </method>
            <method name="(anonymous_3)" hits="0" signature="()V">
              <lines>
                <line number="73" hits="0"/>
              </lines>
            </method>
            <method name="(anonymous_4)" hits="0" signature="()V">
              <lines>
                <line number="78" hits="0"/>
              </lines>
            </method>
          </methods>
          <lines>
            <line number="1" hits="4" branch="false"/>
            <line number="2" hits="4" branch="false"/>
            <line number="4" hits="4" branch="false"/>
            <line number="6" hits="4" branch="false"/>
            <line number="7" hits="4" branch="false"/>
            <line number="9" hits="4" branch="false"/>
            <line number="10" hits="4" branch="false"/>
            <line number="11" hits="4" branch="false"/>
            <line number="13" hits="4" branch="false"/>
            <line number="14" hits="0" branch="false"/>
            <line number="22" hits="0" branch="false"/>
            <line number="27" hits="4" branch="false"/>
            <line number="73" hits="0" branch="false"/>
            <line number="74" hits="0" branch="false"/>
            <line number="75" hits="0" branch="true" condition-coverage="0% (0/2)"/>
            <line number="77" hits="0" branch="false"/>
            <line number="78" hits="0" branch="false"/>
            <line number="80" hits="0" branch="false"/>
            <line number="82" hits="0" branch="true" condition-coverage="0% (0/3)"/>
            <line number="84" hits="0" branch="false"/>
            <line number="85" hits="0" branch="false"/>
            <line number="87" hits="0" branch="false"/>
            <line number="88" hits="0" branch="false"/>
            <line number="90" hits="0" branch="false"/>
            <line number="91" hits="0" branch="false"/>
            <line number="94" hits="0" branch="false"/>
            <line number="104" hits="0" branch="false"/>
            <line number="106" hits="0" branch="true" condition-coverage="0% (0/1)"/>
            <line number="107" hits="0" branch="false"/>
            <line number="110" hits="0" branch="false"/>
            <line number="111" hits="0" branch="true" condition-coverage="0% (0/3)"/>
            <line number="112" hits="0" branch="false"/>
            <line number="115" hits="0" branch="false"/>
            <line number="116" hits="0" branch="true" condition-coverage="0% (0/1)"/>
            <line number="117" hits="0" branch="false"/>
            <line number="120" hits="0" branch="true" condition-coverage="0% (0/2)"/>
            <line number="121" hits="0" branch="false"/>
            <line number="123" hits="0" branch="false"/>
            <line number="125" hits="0" branch="true" condition-coverage="0% (0/4)"/>
            <line number="126" hits="0" branch="false"/>
            <line number="127" hits="0" branch="true" condition-coverage="0% (0/3)"/>
            <line number="129" hits="0" branch="false"/>
            <line number="136" hits="0" branch="false"/>
            <line number="137" hits="0" branch="false"/>
            <line number="138" hits="0" branch="false"/>
            <line number="140" hits="0" branch="true" condition-coverage="0% (0/2)"/>
            <line number="142" hits="0" branch="true" condition-coverage="0% (0/4)"/>
            <line number="150" hits="0" branch="false"/>
          </lines>
        </class>
        <class name="glob.ts" filename="src/models/llm/tools/glob.ts" line-rate="0.6666" branch-rate="1">
          <methods>
            <method name="(anonymous_0)" hits="0" signature="()V">
              <lines>
                <line number="41" hits="0"/>
              </lines>
            </method>
            <method name="(anonymous_1)" hits="0" signature="()V">
              <lines>
                <line number="41" hits="0"/>
              </lines>
            </method>
          </methods>
          <lines>
            <line number="1" hits="4" branch="false"/>
            <line number="3" hits="4" branch="false"/>
            <line number="4" hits="4" branch="false"/>
            <line number="6" hits="4" branch="false"/>
            <line number="41" hits="0" branch="false"/>
            <line number="42" hits="0" branch="false"/>
          </lines>
        </class>
        <class name="grep.ts" filename="src/models/llm/tools/grep.ts" line-rate="0.36840000000000006" branch-rate="0">
          <methods>
            <method name="(anonymous_1)" hits="0" signature="()V">
              <lines>
                <line number="45" hits="0"/>
              </lines>
            </method>
            <method name="(anonymous_2)" hits="0" signature="()V">
              <lines>
                <line number="45" hits="0"/>
              </lines>
            </method>
            <method name="(anonymous_3)" hits="0" signature="()V">
              <lines>
                <line number="67" hits="0"/>
              </lines>
            </method>
          </methods>
          <lines>
            <line number="1" hits="4" branch="false"/>
            <line number="2" hits="4" branch="false"/>
            <line number="4" hits="4" branch="false"/>
            <line number="5" hits="4" branch="false"/>
            <line number="6" hits="4" branch="false"/>
            <line number="7" hits="4" branch="false"/>
            <line number="9" hits="4" branch="false"/>
            <line number="45" hits="0" branch="false"/>
            <line number="46" hits="0" branch="false"/>
            <line number="47" hits="0" branch="true" condition-coverage="0% (0/1)"/>
            <line number="48" hits="0" branch="true" condition-coverage="0% (0/1)"/>
            <line number="49" hits="0" branch="false"/>
            <line number="53" hits="0" branch="false"/>
            <line number="54" hits="0" branch="false"/>
            <line number="62" hits="0" branch="true" condition-coverage="0% (0/1)"/>
            <line number="63" hits="0" branch="false"/>
            <line number="66" hits="0" branch="false"/>
            <line number="67" hits="0" branch="false"/>
            <line number="70" hits="0" branch="false"/>
          </lines>
        </class>
        <class name="index.ts" filename="src/models/llm/tools/index.ts" line-rate="1" branch-rate="1">
          <methods>
            <method name="(anonymous_1)" hits="2" signature="()V">
              <lines>
                <line number="1" hits="2"/>
              </lines>
[...]
            <line number="42" hits="0" branch="false"/>
            <line number="43" hits="0" branch="false"/>
            <line number="46" hits="0" branch="false"/>
            <line number="47" hits="0" branch="true" condition-coverage="0% (0/2)"/>
          </lines>
        </class>
      </classes>
    </package>
    <package name="src.models.pipeline.steps.ai.actions" line-rate="0.9479000000000001" branch-rate="0.7704000000000001">
      <classes>
        <class name="fallback.ts" filename="src/models/pipeline/steps/ai/actions/fallback.ts" line-rate="1" branch-rate="1">
          <methods>
            <method name="(anonymous_0)" hits="16" signature="()V">
              <lines>
                <line number="28" hits="16"/>
              </lines>
            </method>
            <method name="(anonymous_1)" hits="1" signature="()V">
              <lines>
                <line number="36" hits="1"/>
              </lines>
            </method>
            <method name="(anonymous_2)" hits="12" signature="()V">
              <lines>
                <line number="40" hits="12"/>
              </lines>
            </method>
            <method name="(anonymous_3)" hits="1" signature="()V">
              <lines>
                <line number="71" hits="1"/>
              </lines>
            </method>
          </methods>
          <lines>
            <line number="4" hits="2" branch="false"/>
            <line number="11" hits="2" branch="false"/>
            <line number="25" hits="16" branch="false"/>
            <line number="26" hits="16" branch="false"/>
            <line number="29" hits="16" branch="false"/>
            <line number="30" hits="16" branch="false"/>
            <line number="31" hits="16" branch="false"/>
            <line number="33" hits="16" branch="false"/>
            <line number="37" hits="1" branch="false"/>
            <line number="41" hits="12" branch="false"/>
            <line number="76" hits="1" branch="false"/>
          </lines>
        </class>
        <class name="index.ts" filename="src/models/pipeline/steps/ai/actions/index.ts" line-rate="1" branch-rate="1">
          <methods>
          </methods>
          <lines>
            <line number="1" hits="1" branch="false"/>
            <line number="2" hits="1" branch="false"/>
            <line number="3" hits="1" branch="false"/>
          </lines>
        </class>
        <class name="model.ts" filename="src/models/pipeline/steps/ai/actions/model.ts" line-rate="1" branch-rate="1">
          <methods>
            <method name="(anonymous_0)" hits="55" signature="()V">
              <lines>
                <line number="15" hits="55"/>
              </lines>
            </method>
            <method name="(anonymous_1)" hits="4" signature="()V">
              <lines>
                <line number="21" hits="4"/>
              </lines>
            </method>
          </methods>
          <lines>
            <line number="4" hits="5" branch="false"/>
            <line number="6" hits="5" branch="false"/>
            <line number="7" hits="55" branch="false"/>
            <line number="8" hits="55" branch="false"/>
            <line number="13" hits="55" branch="false"/>
            <line number="15" hits="55" branch="false"/>
            <line number="22" hits="4" branch="false"/>
            <line number="23" hits="4" branch="false"/>
            <line number="25" hits="4" branch="false"/>
          </lines>
        </class>
        <class name="reasoning.ts" filename="src/models/pipeline/steps/ai/actions/reasoning.ts" line-rate="1" branch-rate="1">
          <methods>
            <method name="(anonymous_1)" hits="20" signature="()V">
              <lines>
                <line number="44" hits="20"/>
              </lines>
            </method>
            <method name="(anonymous_2)" hits="1" signature="()V">
              <lines>
                <line number="49" hits="1"/>
              </lines>
            </method>
            <method name="(anonymous_3)" hits="4" signature="()V">
              <lines>
                <line number="53" hits="4"/>
              </lines>
            </method>
            <method name="(anonymous_4)" hits="1" signature="()V">
              <lines>
                <line number="61" hits="1"/>
              </lines>
            </method>
            <method name="(anonymous_5)" hits="6" signature="()V">
              <lines>
                <line number="70" hits="6"/>
              </lines>
            </method>
            <method name="(anonymous_6)" hits="3" signature="()V">
              <lines>
                <line number="81" hits="3"/>
              </lines>
            </method>
            <method name="(anonymous_7)" hits="3" signature="()V">
              <lines>
                <line number="90" hits="3"/>
              </lines>
            </method>
            <method name="(anonymous_8)" hits="1" signature="()V">
              <lines>
                <line number="113" hits="1"/>
              </lines>
            </method>
          </methods>
          <lines>
            <line number="2" hits="2" branch="false"/>
            <line number="7" hits="2" branch="false"/>
            <line number="8" hits="2" branch="false"/>
            <line number="14" hits="2" branch="false"/>
            <line number="33" hits="20" branch="false"/>
            <line number="36" hits="20" branch="false"/>
            <line number="41" hits="20" branch="false"/>
            <line number="42" hits="20" branch="false"/>
            <line number="44" hits="20" branch="false"/>
            <line number="45" hits="20" branch="false"/>
            <line number="50" hits="1" branch="false"/>
            <line number="54" hits="4" branch="true" condition-coverage="100% (2/2)"/>
            <line number="62" hits="1" branch="false"/>
            <line number="71" hits="6" branch="true" condition-coverage="100% (1/1)"/>
            <line number="72" hits="1" branch="false"/>
            <line number="75" hits="6" branch="false"/>
            <line number="76" hits="6" branch="false"/>
            <line number="78" hits="6" branch="false"/>
            <line number="82" hits="3" branch="true" condition-coverage="100% (1/1)"/>
            <line number="83" hits="1" branch="false"/>
            <line number="86" hits="3" branch="false"/>
            <line number="87" hits="3" branch="false"/>
            <line number="91" hits="3" branch="false"/>
            <line number="114" hits="1" branch="false"/>
          </lines>
        </class>
        <class name="tool.ts" filename="src/models/pipeline/steps/ai/actions/tool.ts" line-rate="0.8979" branch-rate="0.7082999999999999">
          <methods>
            <method name="(anonymous_1)" hits="8" signature="()V">
              <lines>
                <line number="39" hits="8"/>
              </lines>
            </method>
            <method name="(anonymous_2)" hits="2" signature="()V">
              <lines>
                <line number="43" hits="2"/>
              </lines>
            </method>
            <method name="(anonymous_3)" hits="5" signature="()V">
              <lines>
                <line number="49" hits="5"/>
              </lines>
            </method>
            <method name="(anonymous_4)" hits="12" signature="()V">
              <lines>
                <line number="109" hits="12"/>
              </lines>
            </method>
            <method name="(anonymous_5)" hits="1" signature="()V">
              <lines>
                <line number="114" hits="1"/>
              </lines>
            </method>
            <method name="(anonymous_6)" hits="2" signature="()V">
              <lines>
                <line number="120" hits="2"/>
              </lines>
            </method>
            <method name="(anonymous_7)" hits="3" signature="()V">
              <lines>
                <line number="131" hits="3"/>
              </lines>
            </method>
            <method name="(anonymous_8)" hits="3" signature="()V">
              <lines>
                <line number="211" hits="3"/>
              </lines>
            </method>
            <method name="(anonymous_9)" hits="1" signature="()V">
              <lines>
                <line number="243" hits="1"/>
              </lines>
            </method>
            <method name="(anonymous_10)" hits="1" signature="()V">
              <lines>
                <line number="268" hits="1"/>
              </lines>
            </method>
          </methods>
          <lines>
            <line number="2" hits="2" branch="false"/>
            <line number="7" hits="2" branch="false"/>
            <line number="8" hits="2" branch="false"/>
            <line number="36" hits="2" branch="false"/>
            <line number="39" hits="8" branch="false"/>
            <line number="40" hits="8" branch="true" condition-coverage="100% (2/2)"/>
            <line number="46" hits="2" branch="false"/>
            <line number="50" hits="5" branch="true" condition-coverage="100% (1/1)"/>
            <line number="51" hits="1" branch="false"/>
            <line number="53" hits="4" branch="true" condition-coverage="100% (1/1)"/>
            <line number="54" hits="1" branch="false"/>
            <line number="57" hits="3" branch="true" condition-coverage="100% (1/1)"/>
            <line number="58" hits="2" branch="false"/>
            <line number="60" hits="2" branch="true" condition-coverage="100% (2/2)"/>
            <line number="65" hits="1" branch="false"/>
            <line number="69" hits="2" branch="false"/>
            <line number="90" hits="12" branch="false"/>
            <line number="91" hits="12" branch="false"/>
            <line number="94" hits="12" branch="false"/>
            <line number="103" hits="12" branch="true" condition-coverage="100% (2/2)"/>
            <line number="109" hits="12" branch="false"/>
            <line number="110" hits="12" branch="false"/>
            <line number="115" hits="1" branch="true" condition-coverage="50% (1/2)"/>
            <line number="121" hits="2" branch="true" condition-coverage="50% (1/2)"/>
            <line number="132" hits="3" branch="true" condition-coverage="100% (1/1)"/>
            <line number="133" hits="1" branch="false"/>
            <line number="145" hits="2" branch="false"/>
            <line number="154" hits="2" branch="true" condition-coverage="100% (1/1)"/>
            <line number="155" hits="1" branch="false"/>
            <line number="165" hits="1" branch="true" condition-coverage="0% (0/1)"/>
            <line number="166" hits="0" branch="false"/>
            <line number="176" hits="1" branch="true" condition-coverage="0% (0/1)"/>
            <line number="177" hits="0" branch="false"/>
            <line number="187" hits="1" branch="true" condition-coverage="100% (1/1)"/>
            <line number="188" hits="1" branch="false"/>
            <line number="198" hits="0" branch="false"/>
            <line number="212" hits="3" branch="true" condition-coverage="100% (1/1)"/>
            <line number="213" hits="1" branch="false"/>
            <line number="216" hits="3" branch="true" condition-coverage="100% (3/3)"/>
            <line number="217" hits="1" branch="true" condition-coverage="100% (1/1)"/>
            <line number="218" hits="1" branch="false"/>
            <line number="224" hits="1" branch="true" condition-coverage="0% (0/1)"/>
            <line number="225" hits="0" branch="false"/>
            <line number="227" hits="0" branch="true" condition-coverage="0% (0/2)"/>
            <line number="233" hits="3" branch="true" condition-coverage="100% (3/3)"/>
            <line number="234" hits="1" branch="false"/>
            <line number="240" hits="3" branch="false"/>
            <line number="244" hits="1" branch="false"/>
            <line number="269" hits="1" branch="false"/>
          </lines>
        </class>
      </classes>
    </package>
    <package name="src.utils" line-rate="0.9649" branch-rate="0.8823000000000001">
      <classes>
        <class name="common.ts" filename="src/utils/common.ts" line-rate="0.9573999999999999" branch-rate="0.8823000000000001">
          <methods>
            <method name="(anonymous_1)" hits="28" signature="()V">
              <lines>
                <line number="15" hits="28"/>
              </lines>
            </method>
            <method name="(anonymous_2)" hits="66" signature="()V">
              <lines>
                <line number="16" hits="66"/>
              </lines>
            </method>
            <method name="(anonymous_3)" hits="110" signature="()V">
              <lines>
                <line number="19" hits="110"/>
              </lines>
            </method>
            <method name="(anonymous_4)" hits="2" signature="()V">
              <lines>
                <line number="21" hits="2"/>
              </lines>
            </method>
            <method name="(anonymous_5)" hits="2" signature="()V">
              <lines>
                <line number="27" hits="2"/>
              </lines>
            </method>
            <method name="(anonymous_6)" hits="0" signature="()V">
              <lines>
                <line number="33" hits="0"/>
              </lines>
            </method>
            <method name="(anonymous_7)" hits="17" signature="()V">
              <lines>
                <line number="56" hits="17"/>
              </lines>
            </method>
            <method name="(anonymous_8)" hits="30" signature="()V">
              <lines>
                <line number="65" hits="30"/>
              </lines>
            </method>
            <method name="(anonymous_9)" hits="90" signature="()V">
              <lines>
                <line number="97" hits="90"/>
              </lines>
            </method>
            <method name="(anonymous_10)" hits="39" signature="()V">
              <lines>
                <line number="100" hits="39"/>
              </lines>
            </method>
            <method name="(anonymous_11)" hits="5" signature="()V">
              <lines>
                <line number="117" hits="5"/>
              </lines>
            </method>
            <method name="(anonymous_12)" hits="5" signature="()V">
              <lines>
                <line number="119" hits="5"/>
              </lines>
            </method>
            <method name="(anonymous_13)" hits="2" signature="()V">
              <lines>
                <line number="146" hits="2"/>
              </lines>
            </method>
            <method name="(anonymous_14)" hits="1" signature="()V">
              <lines>
                <line number="151" hits="1"/>
              </lines>
            </method>
            <method name="(anonymous_15)" hits="2" signature="()V">
              <lines>
                <line number="154" hits="2"/>
              </lines>
            </method>
          </methods>
          <lines>
            <line number="1" hits="21" branch="false"/>
            <line number="14" hits="21" branch="false"/>
            <line number="15" hits="21" branch="true" condition-coverage="100% (2/2)"/>
            <line number="16" hits="28" branch="true" condition-coverage="100% (1/1)"/>
            <line number="17" hits="66" branch="false"/>
            <line number="19" hits="110" branch="false"/>
            <line number="21" hits="21" branch="false"/>
            <line number="22" hits="2" branch="false"/>
            <line number="27" hits="2" branch="false"/>
            <line number="28" hits="2" branch="true" condition-coverage="50% (1/2)"/>
            <line number="31" hits="2" branch="false"/>
            <line number="34" hits="0" branch="false"/>
            <line number="35" hits="0" branch="false"/>
            <line number="56" hits="21" branch="false"/>
            <line number="62" hits="17" branch="false"/>
            <line number="63" hits="17" branch="false"/>
            <line number="65" hits="17" branch="false"/>
            <line number="66" hits="30" branch="false"/>
            <line number="67" hits="30" branch="false"/>
            <line number="69" hits="30" branch="true" condition-coverage="100% (1/1)"/>
            <line number="70" hits="14" branch="false"/>
            <line number="73" hits="16" branch="false"/>
            <line number="74" hits="16" branch="false"/>
            <line number="76" hits="16" branch="false"/>
            <line number="79" hits="17" branch="false"/>
            <line number="80" hits="17" branch="false"/>
            <line number="97" hits="21" branch="true" condition-coverage="100% (1/1)"/>
            <line number="98" hits="90" branch="false"/>
            <line number="100" hits="90" branch="true" condition-coverage="100% (1/1)"/>
            <line number="101" hits="39" branch="false"/>
            <line number="103" hits="39" branch="false"/>
            <line number="104" hits="39" branch="false"/>
            <line number="117" hits="21" branch="true" condition-coverage="100% (1/1)"/>
            <line number="118" hits="5" branch="false"/>
            <line number="120" hits="5" branch="true" condition-coverage="100% (1/1)"/>
            <line number="121" hits="1" branch="false"/>
            <line number="124" hits="4" branch="true" condition-coverage="100% (1/1)"/>
            <line number="125" hits="1" branch="false"/>
            <line number="128" hits="3" branch="true" condition-coverage="100% (2/2)"/>
            <line number="132" hits="5" branch="true" condition-coverage="100% (2/2)"/>
            <line number="146" hits="21" branch="false"/>
            <line number="149" hits="2" branch="false"/>
            <line number="151" hits="1" branch="false"/>
            <line number="154" hits="21" branch="false"/>
            <line number="155" hits="2" branch="false"/>
            <line number="156" hits="2" branch="false"/>
            <line number="161" hits="1" branch="false"/>
          </lines>
        </class>
        <class name="index.ts" filename="src/utils/index.ts" line-rate="1" branch-rate="1">
          <methods>
          </methods>
          <lines>
            <line number="1" hits="19" branch="false"/>
            <line number="2" hits="19" branch="false"/>
          </lines>
        </class>
        <class name="meta.ts" filename="src/utils/meta.ts" line-rate="1" branch-rate="1">
          <methods>
            <method name="(anonymous_0)" hits="33" signature="()V">
              <lines>
                <line number="11" hits="33"/>
              </lines>
            </method>
            <method name="(anonymous_1)" hits="26" signature="()V">
              <lines>
                <line number="15" hits="26"/>
              </lines>
            </method>
            <method name="(anonymous_2)" hits="24" signature="()V">
              <lines>
                <line number="16" hits="24"/>
              </lines>
            </method>
            <method name="(anonymous_3)" hits="5" signature="()V">
              <lines>
                <line number="17" hits="5"/>
              </lines>
            </method>
            <method name="(anonymous_4)" hits="3" signature="()V">
              <lines>
                <line number="18" hits="3"/>
              </lines>
            </method>
          </methods>
          <lines>
            <line number="2" hits="20" branch="false"/>
            <line number="11" hits="20" branch="false"/>
            <line number="12" hits="33" branch="false"/>
            <line number="14" hits="33" branch="false"/>
            <line number="15" hits="26" branch="false"/>
            <line number="16" hits="24" branch="false"/>
            <line number="17" hits="5" branch="false"/>
            <line number="18" hits="3" branch="false"/>
          </lines>
        </class>
      </classes>
    </package>
  </packages>
</coverage>
